TN:
SF:src\modules\companies\services\AuthenticateCompanyService.ts
FN:20,(anonymous_18)
FN:21,AuthenticateCompanyService
FN:29,(anonymous_20)
FNF:3
FNH:3
FNDA:1,(anonymous_18)
FNDA:3,AuthenticateCompanyService
FNDA:3,(anonymous_20)
DA:1,1
DA:2,1
DA:4,1
DA:5,1
DA:20,1
DA:23,3
DA:26,3
DA:29,3
DA:30,3
DA:32,3
DA:33,1
DA:38,2
DA:43,2
DA:44,1
DA:49,1
DA:54,1
DA:59,1
DA:60,1
LF:18
LH:18
BRDA:30,0,0,3
BRDA:32,1,0,1
BRDA:32,1,1,2
BRDA:43,2,0,1
BRDA:43,2,1,1
BRF:5
BRH:5
end_of_record
TN:
SF:src\modules\companies\services\CreateCompanyService.ts
FN:18,(anonymous_18)
FN:19,CreateCompanyService
FN:27,(anonymous_20)
FNF:3
FNH:3
FNDA:3,(anonymous_18)
FNDA:6,CreateCompanyService
FNDA:9,(anonymous_20)
DA:1,3
DA:3,3
DA:18,3
DA:21,6
DA:24,6
DA:27,3
DA:28,9
DA:29,9
DA:30,9
DA:31,9
DA:32,9
DA:35,9
DA:37,9
DA:38,1
DA:42,8
DA:44,8
DA:45,1
DA:48,7
DA:50,7
DA:83,7
DA:85,3
DA:86,3
LF:22
LH:22
BRDA:35,0,0,9
BRDA:37,1,0,1
BRDA:37,1,1,8
BRDA:44,2,0,1
BRDA:44,2,1,7
BRF:5
BRH:5
end_of_record
TN:
SF:src\modules\companies\services\InactivateCompanyService.ts
FN:10,(anonymous_18)
FN:11,InactivateCompanyService
FN:16,(anonymous_20)
FNF:3
FNH:0
FNDA:0,(anonymous_18)
FNDA:0,InactivateCompanyService
FNDA:0,(anonymous_20)
DA:1,0
DA:2,0
DA:10,0
DA:13,0
DA:16,0
DA:17,0
DA:19,0
DA:20,0
DA:23,0
DA:24,0
DA:27,0
DA:28,0
DA:29,0
DA:31,0
DA:33,0
LF:15
LH:0
BRDA:17,0,0,0
BRDA:19,1,0,0
BRDA:19,1,1,0
BRDA:23,2,0,0
BRDA:23,2,1,0
BRF:5
BRH:0
end_of_record
TN:
SF:src\modules\companies\services\ListCompanyService.ts
FN:8,(anonymous_17)
FN:9,ListCompanyService
FN:14,(anonymous_19)
FNF:3
FNH:3
FNDA:1,(anonymous_17)
FNDA:1,ListCompanyService
FNDA:1,(anonymous_19)
DA:1,1
DA:8,1
DA:11,1
DA:14,1
DA:15,1
DA:17,1
DA:18,1
LF:7
LH:7
BRF:0
BRH:0
end_of_record
TN:
SF:src\modules\customers\services\AuthenticateCustomerService.ts
FN:20,(anonymous_18)
FN:21,AuthenticateCustomerService
FN:29,(anonymous_20)
FNF:3
FNH:0
FNDA:0,(anonymous_18)
FNDA:0,AuthenticateCustomerService
FNDA:0,(anonymous_20)
DA:1,0
DA:2,0
DA:4,0
DA:5,0
DA:20,0
DA:23,0
DA:26,0
DA:29,0
DA:30,0
DA:32,0
DA:33,0
DA:38,0
DA:43,0
DA:44,0
DA:49,0
DA:54,0
DA:59,0
DA:60,0
LF:18
LH:0
BRDA:30,0,0,0
BRDA:32,1,0,0
BRDA:32,1,1,0
BRDA:43,2,0,0
BRDA:43,2,1,0
BRF:5
BRH:0
end_of_record
TN:
SF:src\modules\customers\services\CreateCustomerService.ts
FN:17,(anonymous_18)
FN:18,CreateCustomerService
FN:26,(anonymous_20)
FNF:3
FNH:0
FNDA:0,(anonymous_18)
FNDA:0,CreateCustomerService
FNDA:0,(anonymous_20)
DA:1,0
DA:3,0
DA:17,0
DA:20,0
DA:23,0
DA:26,0
DA:27,0
DA:28,0
DA:29,0
DA:30,0
DA:31,0
DA:33,0
DA:35,0
DA:36,0
DA:39,0
DA:41,0
DA:42,0
DA:45,0
DA:47,0
DA:55,0
DA:57,0
DA:58,0
LF:22
LH:0
BRDA:33,0,0,0
BRDA:35,1,0,0
BRDA:35,1,1,0
BRDA:41,2,0,0
BRDA:41,2,1,0
BRF:5
BRH:0
end_of_record
TN:
SF:src\modules\customers\services\InactivateCustomerService.ts
FN:10,(anonymous_18)
FN:11,InactivateCustomerService
FN:16,(anonymous_20)
FNF:3
FNH:0
FNDA:0,(anonymous_18)
FNDA:0,InactivateCustomerService
FNDA:0,(anonymous_20)
DA:1,0
DA:2,0
DA:10,0
DA:13,0
DA:16,0
DA:17,0
DA:19,0
DA:20,0
DA:23,0
DA:24,0
DA:27,0
DA:28,0
DA:29,0
DA:31,0
DA:33,0
LF:15
LH:0
BRDA:17,0,0,0
BRDA:19,1,0,0
BRDA:19,1,1,0
BRDA:23,2,0,0
BRDA:23,2,1,0
BRF:5
BRH:0
end_of_record
TN:
SF:src\modules\items\services\CreateItemService.ts
FN:16,(anonymous_18)
FN:17,CreateItemService
FN:22,(anonymous_20)
FNF:3
FNH:0
FNDA:0,(anonymous_18)
FNDA:0,CreateItemService
FNDA:0,(anonymous_20)
DA:1,0
DA:3,0
DA:16,0
DA:19,0
DA:22,0
DA:23,0
DA:24,0
DA:25,0
DA:26,0
DA:27,0
DA:29,0
DA:34,0
DA:35,0
DA:38,0
DA:46,0
DA:48,0
DA:50,0
LF:17
LH:0
BRDA:29,0,0,0
BRDA:34,1,0,0
BRDA:34,1,1,0
BRF:3
BRH:0
end_of_record
TN:
SF:src\modules\items\services\InactivateItemService.ts
FN:10,(anonymous_18)
FN:11,InactivateItemService
FN:16,(anonymous_20)
FNF:3
FNH:0
FNDA:0,(anonymous_18)
FNDA:0,InactivateItemService
FNDA:0,(anonymous_20)
DA:1,0
DA:2,0
DA:10,0
DA:13,0
DA:16,0
DA:17,0
DA:19,0
DA:20,0
DA:23,0
DA:24,0
DA:27,0
DA:28,0
DA:29,0
DA:31,0
DA:33,0
LF:15
LH:0
BRDA:17,0,0,0
BRDA:19,1,0,0
BRDA:19,1,1,0
BRDA:23,2,0,0
BRDA:23,2,1,0
BRF:5
BRH:0
end_of_record
TN:
SF:src\modules\items\services\UpdateItemImageService.ts
FN:16,(anonymous_18)
FN:17,UpdateUserAvatarService
FN:22,(anonymous_20)
FNF:3
FNH:0
FNDA:0,(anonymous_18)
FNDA:0,UpdateUserAvatarService
FNDA:0,(anonymous_20)
DA:1,0
DA:2,0
DA:3,0
DA:5,0
DA:7,0
DA:16,0
DA:19,0
DA:22,0
DA:23,0
DA:25,0
DA:26,0
DA:32,0
DA:34,0
DA:38,0
DA:42,0
DA:43,0
DA:47,0
DA:49,0
DA:51,0
DA:53,0
DA:55,0
LF:21
LH:0
BRDA:23,0,0,0
BRDA:25,1,0,0
BRDA:25,1,1,0
BRDA:32,2,0,0
BRDA:32,2,1,0
BRDA:42,3,0,0
BRDA:42,3,1,0
BRF:7
BRH:0
end_of_record
TN:
SF:src\modules\orders\services\CreateOrderService.ts
FN:20,(anonymous_17)
FN:21,CreateOrderService
FN:28,(anonymous_19)
FN:42,(anonymous_22)
FN:42,(anonymous_23)
FN:58,(anonymous_25)
FNF:6
FNH:0
FNDA:0,(anonymous_17)
FNDA:0,CreateOrderService
FNDA:0,(anonymous_19)
FNDA:0,(anonymous_22)
FNDA:0,(anonymous_23)
FNDA:0,(anonymous_25)
DA:1,0
DA:17,0
DA:20,0
DA:23,0
DA:25,0
DA:28,0
DA:29,0
DA:30,0
DA:31,0
DA:32,0
DA:33,0
DA:35,0
DA:42,0
DA:43,0
DA:54,0
DA:58,0
DA:59,0
DA:62,0
DA:64,0
DA:66,0
DA:68,0
DA:70,0
LF:22
LH:0
BRDA:35,0,0,0
BRF:1
BRH:0
end_of_record
